<?xml version="1.0" encoding="UTF-8"?>
<!-- Generated by org.testng.reporters.JUnitXMLReporter -->
<testsuite ignored="2" hostname="DESKTOP-QHDN499" failures="0" tests="1" name="Default test" time="81.776" errors="0" timestamp="2025-01-10T14:36:15 IST">
  <testcase classname="com.comcast.crm.orgtest.CreateOrganizationTest" name="createOrganizationWithMandatoryTest" time="47.513"/>
  <testcase classname="com.comcast.crm.orgtest.CreateOrganizationTest" name="createOrgWithIndTest" time="0.0">
    <ignored/>
  </testcase> <!-- createOrgWithIndTest -->
  <testcase classname="com.comcast.crm.orgtest.CreateOrganizationTest" name="deleteOrg" time="0.0">
    <ignored/>
  </testcase> <!-- deleteOrg -->
</testsuite> <!-- Default test -->
