<?xml version="1.0" encoding="UTF-8"?>
<!-- Generated by org.testng.reporters.JUnitXMLReporter -->
<testsuite ignored="0" hostname="DESKTOP-QHDN499" failures="0" tests="3" name="Default test" time="89.369" errors="0" timestamp="2024-10-17T16:49:10 IST">
  <testcase classname="com.comcast.crm.orgtest.CreateOrganizationTest" name="createOrgWithIndTest" time="19.409"/>
  <testcase classname="com.comcast.crm.orgtest.CreateOrganizationTest" name="createOrganizationWithMandatoryTest" time="16.204"/>
  <testcase classname="com.comcast.crm.orgtest.CreateOrganizationTest" name="deleteOrg" time="22.782"/>
</testsuite> <!-- Default test -->
