<?xml version="1.0" encoding="UTF-8"?>
<!-- Generated by org.testng.reporters.JUnitXMLReporter -->
<testsuite ignored="2" hostname="DESKTOP-QHDN499" failures="0" tests="6" name="TestRunner-chrome" time="196.424" errors="0" timestamp="2024-09-20T11:05:27 IST">
  <testcase classname="com.comcast.crm.contactTest.CreateContactTest" name="createContactTest" time="17.778"/>
  <testcase classname="com.comcast.crm.contactTest.CreateContactTest" name="createContactWithOrgTest" time="33.059"/>
  <testcase classname="com.comcast.crm.contactTest.CreateContactTest" name="createContactWithSupportDateTest" time="17.738"/>
  <testcase classname="com.comcast.crm.orgtest.CreateOrganizationTest" name="createOrgWithIndTest" time="18.67"/>
  <testcase classname="com.comcast.crm.orgtest.CreateOrganizationTest" name="createOrganizationWithMandatoryTest" time="15.391"/>
  <testcase classname="com.comcast.crm.orgtest.CreateOrganizationTest" name="deleteOrg" time="22.939"/>
  <testcase classname="com.comcast.crm.baseTest.BaseClass" name="@BeforeSuite configBS" time="0.0">
    <ignored/>
  </testcase> <!-- @BeforeSuite configBS -->
  <testcase classname="com.comcast.crm.baseTest.BaseClass" name="@AfterSuite configAS" time="0.0">
    <ignored/>
  </testcase> <!-- @AfterSuite configAS -->
</testsuite> <!-- TestRunner-chrome -->
