<?xml version="1.0" encoding="UTF-8"?>
<!-- Generated by org.testng.reporters.JUnitXMLReporter -->
<testsuite ignored="2" hostname="DESKTOP-QHDN499" failures="0" tests="6" name="TestRunner-firefox" time="193.748" errors="0" timestamp="2024-09-20T11:05:25 IST">
  <testcase classname="com.comcast.crm.contactTest.CreateContactTest" name="createContactTest" time="20.179"/>
  <testcase classname="com.comcast.crm.contactTest.CreateContactTest" name="createContactWithOrgTest" time="35.474"/>
  <testcase classname="com.comcast.crm.contactTest.CreateContactTest" name="createContactWithSupportDateTest" time="19.569"/>
  <testcase classname="com.comcast.crm.orgtest.CreateOrganizationTest" name="createOrgWithIndTest" time="21.054"/>
  <testcase classname="com.comcast.crm.orgtest.CreateOrganizationTest" name="createOrganizationWithMandatoryTest" time="17.612"/>
  <testcase classname="com.comcast.crm.orgtest.CreateOrganizationTest" name="deleteOrg" time="24.407"/>
  <testcase classname="com.comcast.crm.baseTest.BaseClass" name="@AfterSuite configAS" time="0.0">
    <ignored/>
  </testcase> <!-- @AfterSuite configAS -->
  <testcase classname="com.comcast.crm.baseTest.BaseClass" name="@BeforeSuite configBS" time="0.0">
    <ignored/>
  </testcase> <!-- @BeforeSuite configBS -->
</testsuite> <!-- TestRunner-firefox -->
