<?xml version="1.0" encoding="UTF-8"?>
<testng-results ignored="2" total="3" passed="1" failed="0" skipped="0">
  <reporter-output>
  </reporter-output>
  <suite started-at="2024-10-21T12:51:37 IST" name="Suite" finished-at="2024-10-21T12:52:39 IST" duration-ms="61961">
    <groups>
      <group name="smoke test">
        <method signature="CreateContactTest.createContactTest()[pri:0, instance:com.comcast.crm.contactTest.CreateContactTest@55141def]" name="createContactTest" class="com.comcast.crm.contactTest.CreateContactTest"/>
      </group> <!-- smoke test -->
      <group name="regression test">
        <method signature="CreateContactTest.createContactTest()[pri:0, instance:com.comcast.crm.contactTest.CreateContactTest@55141def]" name="createContactTest" class="com.comcast.crm.contactTest.CreateContactTest"/>
      </group> <!-- regression test -->
    </groups>
    <test started-at="2024-10-21T12:51:37 IST" name="Test" finished-at="2024-10-21T12:52:39 IST" duration-ms="61961">
      <class name="com.comcast.crm.contactTest.CreateContactTest">
        <test-method is-config="true" signature="configBS()[pri:0, instance:com.comcast.crm.contactTest.CreateContactTest@55141def]" started-at="2024-10-21T12:51:32 IST" name="configBS" finished-at="2024-10-21T12:51:37 IST" duration-ms="5268" status="PASS">
          <reporter-output>
          </reporter-output>
        </test-method> <!-- configBS -->
        <test-method is-config="true" signature="configBC()[pri:0, instance:com.comcast.crm.contactTest.CreateContactTest@55141def]" started-at="2024-10-21T12:51:37 IST" name="configBC" finished-at="2024-10-21T12:51:40 IST" duration-ms="2972" status="PASS">
          <reporter-output>
          </reporter-output>
        </test-method> <!-- configBC -->
        <test-method is-config="true" signature="configBM()[pri:0, instance:com.comcast.crm.contactTest.CreateContactTest@55141def]" started-at="2024-10-21T12:51:40 IST" name="configBM" finished-at="2024-10-21T12:51:47 IST" duration-ms="6291" status="PASS">
          <reporter-output>
          </reporter-output>
        </test-method> <!-- configBM -->
        <test-method signature="createContactTest()[pri:0, instance:com.comcast.crm.contactTest.CreateContactTest@55141def]" started-at="2024-10-21T12:51:47 IST" name="createContactTest" finished-at="2024-10-21T12:52:31 IST" duration-ms="44147" status="PASS">
          <reporter-output>
          </reporter-output>
        </test-method> <!-- createContactTest -->
        <test-method is-config="true" signature="configAM()[pri:0, instance:com.comcast.crm.contactTest.CreateContactTest@55141def]" started-at="2024-10-21T12:52:31 IST" name="configAM" finished-at="2024-10-21T12:52:39 IST" duration-ms="8245" status="PASS">
          <reporter-output>
          </reporter-output>
        </test-method> <!-- configAM -->
        <test-method is-config="true" signature="configAC()[pri:0, instance:com.comcast.crm.contactTest.CreateContactTest@55141def]" started-at="2024-10-21T12:52:39 IST" name="configAC" finished-at="2024-10-21T12:52:39 IST" duration-ms="224" status="PASS">
          <reporter-output>
          </reporter-output>
        </test-method> <!-- configAC -->
        <test-method is-config="true" signature="configAS()[pri:0, instance:com.comcast.crm.contactTest.CreateContactTest@55141def]" started-at="2024-10-21T12:52:39 IST" name="configAS" finished-at="2024-10-21T12:52:39 IST" duration-ms="18" status="PASS">
          <reporter-output>
          </reporter-output>
        </test-method> <!-- configAS -->
      </class> <!-- com.comcast.crm.contactTest.CreateContactTest -->
    </test> <!-- Test -->
  </suite> <!-- Suite -->
</testng-results>
