<?xml version="1.0" encoding="UTF-8"?>
<testng-results ignored="0" total="3" passed="3" failed="0" skipped="0">
  <reporter-output>
  </reporter-output>
  <suite started-at="2024-10-17T16:47:41 IST" name="Default suite" finished-at="2024-10-17T16:49:10 IST" duration-ms="89369">
    <groups>
      <group name="smoke test">
        <method signature="CreateOrganizationTest.createOrganizationWithMandatoryTest()[pri:0, instance:com.comcast.crm.orgtest.CreateOrganizationTest@7cc0cdad]" name="createOrganizationWithMandatoryTest" class="com.comcast.crm.orgtest.CreateOrganizationTest"/>
      </group> <!-- smoke test -->
    </groups>
    <test started-at="2024-10-17T16:47:41 IST" name="Default test" finished-at="2024-10-17T16:49:10 IST" duration-ms="89369">
      <class name="com.comcast.crm.orgtest.CreateOrganizationTest">
        <test-method is-config="true" signature="configBS()[pri:0, instance:com.comcast.crm.orgtest.CreateOrganizationTest@7cc0cdad]" started-at="2024-10-17T16:47:40 IST" name="configBS" finished-at="2024-10-17T16:47:41 IST" duration-ms="732" status="PASS">
          <reporter-output>
          </reporter-output>
        </test-method> <!-- configBS -->
        <test-method is-config="true" signature="configBC()[pri:0, instance:com.comcast.crm.orgtest.CreateOrganizationTest@7cc0cdad]" started-at="2024-10-17T16:47:41 IST" name="configBC" finished-at="2024-10-17T16:47:44 IST" duration-ms="3226" status="PASS">
          <reporter-output>
          </reporter-output>
        </test-method> <!-- configBC -->
        <test-method is-config="true" signature="configBM()[pri:0, instance:com.comcast.crm.orgtest.CreateOrganizationTest@7cc0cdad]" started-at="2024-10-17T16:47:44 IST" name="configBM" finished-at="2024-10-17T16:47:50 IST" duration-ms="5720" status="PASS">
          <reporter-output>
          </reporter-output>
        </test-method> <!-- configBM -->
        <test-method signature="createOrgWithIndTest()[pri:0, instance:com.comcast.crm.orgtest.CreateOrganizationTest@7cc0cdad]" started-at="2024-10-17T16:47:50 IST" name="createOrgWithIndTest" finished-at="2024-10-17T16:48:10 IST" duration-ms="19409" status="PASS">
          <reporter-output>
          </reporter-output>
        </test-method> <!-- createOrgWithIndTest -->
        <test-method is-config="true" signature="configAM()[pri:0, instance:com.comcast.crm.orgtest.CreateOrganizationTest@7cc0cdad]" started-at="2024-10-17T16:48:10 IST" name="configAM" finished-at="2024-10-17T16:48:12 IST" duration-ms="2142" status="PASS">
          <reporter-output>
          </reporter-output>
        </test-method> <!-- configAM -->
        <test-method is-config="true" signature="configBM()[pri:0, instance:com.comcast.crm.orgtest.CreateOrganizationTest@7cc0cdad]" started-at="2024-10-17T16:48:12 IST" name="configBM" finished-at="2024-10-17T16:48:17 IST" duration-ms="4868" status="PASS">
          <reporter-output>
          </reporter-output>
        </test-method> <!-- configBM -->
        <test-method signature="createOrganizationWithMandatoryTest()[pri:0, instance:com.comcast.crm.orgtest.CreateOrganizationTest@7cc0cdad]" started-at="2024-10-17T16:48:17 IST" name="createOrganizationWithMandatoryTest" finished-at="2024-10-17T16:48:33 IST" duration-ms="16204" status="PASS">
          <reporter-output>
          </reporter-output>
        </test-method> <!-- createOrganizationWithMandatoryTest -->
        <test-method is-config="true" signature="configAM()[pri:0, instance:com.comcast.crm.orgtest.CreateOrganizationTest@7cc0cdad]" started-at="2024-10-17T16:48:33 IST" name="configAM" finished-at="2024-10-17T16:48:35 IST" duration-ms="2519" status="PASS">
          <reporter-output>
          </reporter-output>
        </test-method> <!-- configAM -->
        <test-method is-config="true" signature="configBM()[pri:0, instance:com.comcast.crm.orgtest.CreateOrganizationTest@7cc0cdad]" started-at="2024-10-17T16:48:35 IST" name="configBM" finished-at="2024-10-17T16:48:41 IST" duration-ms="5298" status="PASS">
          <reporter-output>
          </reporter-output>
        </test-method> <!-- configBM -->
        <test-method signature="deleteOrg()[pri:0, instance:com.comcast.crm.orgtest.CreateOrganizationTest@7cc0cdad]" started-at="2024-10-17T16:48:41 IST" name="deleteOrg" finished-at="2024-10-17T16:49:03 IST" duration-ms="22782" status="PASS">
          <reporter-output>
          </reporter-output>
        </test-method> <!-- deleteOrg -->
        <test-method is-config="true" signature="configAM()[pri:0, instance:com.comcast.crm.orgtest.CreateOrganizationTest@7cc0cdad]" started-at="2024-10-17T16:49:03 IST" name="configAM" finished-at="2024-10-17T16:49:10 IST" duration-ms="6672" status="PASS">
          <reporter-output>
          </reporter-output>
        </test-method> <!-- configAM -->
        <test-method is-config="true" signature="configAC()[pri:0, instance:com.comcast.crm.orgtest.CreateOrganizationTest@7cc0cdad]" started-at="2024-10-17T16:49:10 IST" name="configAC" finished-at="2024-10-17T16:49:10 IST" duration-ms="396" status="PASS">
          <reporter-output>
          </reporter-output>
        </test-method> <!-- configAC -->
        <test-method is-config="true" signature="configAS()[pri:0, instance:com.comcast.crm.orgtest.CreateOrganizationTest@7cc0cdad]" started-at="2024-10-17T16:49:10 IST" name="configAS" finished-at="2024-10-17T16:49:11 IST" duration-ms="8" status="PASS">
          <reporter-output>
          </reporter-output>
        </test-method> <!-- configAS -->
      </class> <!-- com.comcast.crm.orgtest.CreateOrganizationTest -->
    </test> <!-- Default test -->
  </suite> <!-- Default suite -->
</testng-results>
